build/app/intermediates/manifest_merge_blame_file/release/manifest-merger-blame-release-report.txt
1<?xml version="1.0" encoding="utf-8"?>
2<manifest xmlns:android="http://schemas.android.com/apk/res/android"
3    package="com.locksee.locksee"
4    android:versionCode="1"
5    android:versionName="1.0.0" >
6
7    <uses-sdk
8        android:minSdkVersion="21"
9        android:targetSdkVersion="34" />
10
11    <uses-permission android:name="android.permission.INTERNET" />
11-->src/main/AndroidManifest.xml:4:5-67
11-->src/main/AndroidManifest.xml:4:22-64
12    <uses-permission android:name="android.permission.ACCESS_NETWORK_STATE" />
12-->src/main/AndroidManifest.xml:5:5-79
12-->src/main/AndroidManifest.xml:5:22-76
13    <uses-permission android:name="android.permission.ACCESS_WIFI_STATE" />
13-->src/main/AndroidManifest.xml:6:5-76
13-->src/main/AndroidManifest.xml:6:22-73
14    <uses-permission android:name="android.permission.ACCESS_FINE_LOCATION" />
14-->src/main/AndroidManifest.xml:7:5-79
14-->src/main/AndroidManifest.xml:7:22-76
15    <uses-permission android:name="com.google.android.gms.permission.AD_ID" />
15-->src/main/AndroidManifest.xml:8:5-79
15-->src/main/AndroidManifest.xml:8:22-76
16    <uses-permission android:name="android.permission.CAMERA" />
16-->src/main/AndroidManifest.xml:9:5-10:71
16-->src/main/AndroidManifest.xml:9:22-62
17    <!--
18         Required to query activities that can process text, see:
19         https://developer.android.com/training/package-visibility and
20         https://developer.android.com/reference/android/content/Intent#ACTION_PROCESS_TEXT.
21
22         In particular, this is used by the Flutter engine in io.flutter.plugin.text.ProcessTextPlugin.
23    -->
24
25    <queries>
25-->src/main/AndroidManifest.xml:56:6-61:15
26        <intent>
26-->src/main/AndroidManifest.xml:57:9-60:18
27            <action android:name="android.intent.action.PROCESS_TEXT" />
27-->src/main/AndroidManifest.xml:58:13-72
27-->src/main/AndroidManifest.xml:58:21-70
28
29            <data android:mimeType="text/plain" />
29-->src/main/AndroidManifest.xml:59:13-50
29-->src/main/AndroidManifest.xml:59:19-48
30        </intent>
31        <intent>
31-->[:file_picker] AndroidManifest.xml:8:9-12:18
32            <action android:name="android.intent.action.GET_CONTENT" />
32-->[:file_picker] AndroidManifest.xml:9:13-72
32-->[:file_picker] AndroidManifest.xml:9:21-69
33
34            <data android:mimeType="*/*" />
34-->src/main/AndroidManifest.xml:59:13-50
34-->src/main/AndroidManifest.xml:59:19-48
35        </intent>
36
37        <package android:name="com.facebook.katana" />
37-->[com.adjust.sdk:adjust-android:4.38.5] AndroidManifest.xml:11:9-55
37-->[com.adjust.sdk:adjust-android:4.38.5] AndroidManifest.xml:11:18-52
38        <package android:name="com.instagram.android" />
38-->[com.adjust.sdk:adjust-android:4.38.5] AndroidManifest.xml:14:9-57
38-->[com.adjust.sdk:adjust-android:4.38.5] AndroidManifest.xml:14:18-54
39    </queries>
40
41    <uses-feature
41-->[:mobile_scanner] AndroidManifest.xml:9:5-11:36
42        android:name="android.hardware.camera"
42-->[:mobile_scanner] AndroidManifest.xml:10:9-47
43        android:required="false" />
43-->[:mobile_scanner] AndroidManifest.xml:11:9-33
44
45    <uses-permission android:name="android.permission.WAKE_LOCK" />
45-->[androidx.work:work-runtime:2.8.1] AndroidManifest.xml:23:5-68
45-->[androidx.work:work-runtime:2.8.1] AndroidManifest.xml:23:22-65
46    <uses-permission android:name="android.permission.RECEIVE_BOOT_COMPLETED" />
46-->[androidx.work:work-runtime:2.8.1] AndroidManifest.xml:25:5-81
46-->[androidx.work:work-runtime:2.8.1] AndroidManifest.xml:25:22-78
47    <uses-permission android:name="android.permission.FOREGROUND_SERVICE" />
47-->[androidx.work:work-runtime:2.8.1] AndroidManifest.xml:26:5-77
47-->[androidx.work:work-runtime:2.8.1] AndroidManifest.xml:26:22-74
48
49    <permission
49-->[androidx.core:core:1.13.1] AndroidManifest.xml:22:5-24:47
50        android:name="com.locksee.locksee.DYNAMIC_RECEIVER_NOT_EXPORTED_PERMISSION"
50-->[androidx.core:core:1.13.1] AndroidManifest.xml:23:9-81
51        android:protectionLevel="signature" />
51-->[androidx.core:core:1.13.1] AndroidManifest.xml:24:9-44
52
53    <uses-permission android:name="com.locksee.locksee.DYNAMIC_RECEIVER_NOT_EXPORTED_PERMISSION" />
53-->[androidx.core:core:1.13.1] AndroidManifest.xml:26:5-97
53-->[androidx.core:core:1.13.1] AndroidManifest.xml:26:22-94
54
55    <application
56        android:name="android.app.Application"
56-->src/main/AndroidManifest.xml:15:9-42
57        android:appComponentFactory="androidx.core.app.CoreComponentFactory"
57-->[androidx.core:core:1.13.1] AndroidManifest.xml:28:18-86
58        android:extractNativeLibs="true"
59        android:icon="@mipmap/ic_launcher"
59-->src/main/AndroidManifest.xml:16:9-43
60        android:label="Locksee" >
60-->src/main/AndroidManifest.xml:14:9-32
61        <activity
61-->src/main/AndroidManifest.xml:17:9-43:20
62            android:name="com.locksee.locksee.MainActivity"
62-->src/main/AndroidManifest.xml:18:13-41
63            android:configChanges="orientation|keyboardHidden|keyboard|screenSize|smallestScreenSize|locale|layoutDirection|fontScale|screenLayout|density|uiMode"
63-->src/main/AndroidManifest.xml:23:13-163
64            android:exported="true"
64-->src/main/AndroidManifest.xml:19:13-36
65            android:hardwareAccelerated="true"
65-->src/main/AndroidManifest.xml:24:13-47
66            android:launchMode="singleTop"
66-->src/main/AndroidManifest.xml:20:13-43
67            android:taskAffinity=""
67-->src/main/AndroidManifest.xml:21:13-36
68            android:theme="@style/LaunchTheme"
68-->src/main/AndroidManifest.xml:22:13-47
69            android:windowSoftInputMode="adjustResize" >
69-->src/main/AndroidManifest.xml:25:13-55
70
71            <!--
72                 Specifies an Android theme to apply to this Activity as soon as
73                 the Android process has started. This theme is visible to the user
74                 while the Flutter UI initializes. After that, this theme continues
75                 to determine the Window background behind the Flutter UI.
76            -->
77
78            <meta-data
78-->src/main/AndroidManifest.xml:35:15-38:17
79                android:name="io.flutter.embedding.android.NormalTheme"
79-->src/main/AndroidManifest.xml:36:15-70
80                android:resource="@style/NormalTheme" />
80-->src/main/AndroidManifest.xml:37:15-52
81
82            <intent-filter>
82-->src/main/AndroidManifest.xml:39:13-42:29
83                <action android:name="android.intent.action.MAIN" />
83-->src/main/AndroidManifest.xml:40:17-68
83-->src/main/AndroidManifest.xml:40:25-66
84
85                <category android:name="android.intent.category.LAUNCHER" />
85-->src/main/AndroidManifest.xml:41:17-76
85-->src/main/AndroidManifest.xml:41:27-74
86            </intent-filter>
87        </activity>
88        <!--
89             Don't delete the meta-data below.
90             This is used by the Flutter tool to generate GeneratedPluginRegistrant.java
91        -->
92        <meta-data
92-->src/main/AndroidManifest.xml:46:9-48:33
93            android:name="flutterEmbedding"
93-->src/main/AndroidManifest.xml:47:13-44
94            android:value="2" />
94-->src/main/AndroidManifest.xml:48:13-30
95
96        <service
96-->[:firebase_dynamic_links] AndroidManifest.xml:10:9-14:19
97            android:name="com.google.firebase.components.ComponentDiscoveryService"
97-->[:firebase_dynamic_links] AndroidManifest.xml:10:18-89
98            android:directBootAware="true"
98-->[com.google.firebase:firebase-common:20.4.3] AndroidManifest.xml:32:13-43
99            android:exported="false" >
99-->[com.google.firebase:firebase-dynamic-links:21.2.0] AndroidManifest.xml:23:13-37
100            <meta-data
100-->[:firebase_dynamic_links] AndroidManifest.xml:11:13-13:85
101                android:name="com.google.firebase.components:io.flutter.plugins.firebase.dynamiclinks.FlutterFirebaseAppRegistrar"
101-->[:firebase_dynamic_links] AndroidManifest.xml:12:17-131
102                android:value="com.google.firebase.components.ComponentRegistrar" />
102-->[:firebase_dynamic_links] AndroidManifest.xml:13:17-82
103            <meta-data
103-->[:firebase_core] AndroidManifest.xml:9:13-11:85
104                android:name="com.google.firebase.components:io.flutter.plugins.firebase.core.FlutterFirebaseCoreRegistrar"
104-->[:firebase_core] AndroidManifest.xml:10:17-124
105                android:value="com.google.firebase.components.ComponentRegistrar" />
105-->[:firebase_core] AndroidManifest.xml:11:17-82
106            <meta-data
106-->[com.google.firebase:firebase-dynamic-links:21.2.0] AndroidManifest.xml:24:13-26:85
107                android:name="com.google.firebase.components:com.google.firebase.dynamiclinks.FirebaseDynamicLinksKtxRegistrar"
107-->[com.google.firebase:firebase-dynamic-links:21.2.0] AndroidManifest.xml:25:17-128
108                android:value="com.google.firebase.components.ComponentRegistrar" />
108-->[com.google.firebase:firebase-dynamic-links:21.2.0] AndroidManifest.xml:26:17-82
109            <meta-data
109-->[com.google.firebase:firebase-dynamic-links:21.2.0] AndroidManifest.xml:27:13-29:85
110                android:name="com.google.firebase.components:com.google.firebase.dynamiclinks.internal.FirebaseDynamicLinkRegistrar"
110-->[com.google.firebase:firebase-dynamic-links:21.2.0] AndroidManifest.xml:28:17-133
111                android:value="com.google.firebase.components.ComponentRegistrar" />
111-->[com.google.firebase:firebase-dynamic-links:21.2.0] AndroidManifest.xml:29:17-82
112            <meta-data
112-->[com.google.firebase:firebase-common-ktx:20.4.3] AndroidManifest.xml:12:13-14:85
113                android:name="com.google.firebase.components:com.google.firebase.ktx.FirebaseCommonLegacyRegistrar"
113-->[com.google.firebase:firebase-common-ktx:20.4.3] AndroidManifest.xml:13:17-116
114                android:value="com.google.firebase.components.ComponentRegistrar" />
114-->[com.google.firebase:firebase-common-ktx:20.4.3] AndroidManifest.xml:14:17-82
115            <meta-data
115-->[com.google.firebase:firebase-common:20.4.3] AndroidManifest.xml:35:13-37:85
116                android:name="com.google.firebase.components:com.google.firebase.FirebaseCommonKtxRegistrar"
116-->[com.google.firebase:firebase-common:20.4.3] AndroidManifest.xml:36:17-109
117                android:value="com.google.firebase.components.ComponentRegistrar" />
117-->[com.google.firebase:firebase-common:20.4.3] AndroidManifest.xml:37:17-82
118        </service>
119
120        <provider
120-->[:image_picker_android] AndroidManifest.xml:9:9-17:20
121            android:name="io.flutter.plugins.imagepicker.ImagePickerFileProvider"
121-->[:image_picker_android] AndroidManifest.xml:10:13-82
122            android:authorities="com.locksee.locksee.flutter.image_provider"
122-->[:image_picker_android] AndroidManifest.xml:11:13-74
123            android:exported="false"
123-->[:image_picker_android] AndroidManifest.xml:12:13-37
124            android:grantUriPermissions="true" >
124-->[:image_picker_android] AndroidManifest.xml:13:13-47
125            <meta-data
125-->[:image_picker_android] AndroidManifest.xml:14:13-16:75
126                android:name="android.support.FILE_PROVIDER_PATHS"
126-->[:image_picker_android] AndroidManifest.xml:15:17-67
127                android:resource="@xml/flutter_image_picker_file_paths" />
127-->[:image_picker_android] AndroidManifest.xml:16:17-72
128        </provider> <!-- Trigger Google Play services to install the backported photo picker module. -->
129        <service
129-->[:image_picker_android] AndroidManifest.xml:19:9-31:19
130            android:name="com.google.android.gms.metadata.ModuleDependencies"
130-->[:image_picker_android] AndroidManifest.xml:20:13-78
131            android:enabled="false"
131-->[:image_picker_android] AndroidManifest.xml:21:13-36
132            android:exported="false" >
132-->[:image_picker_android] AndroidManifest.xml:22:13-37
133            <intent-filter>
133-->[:image_picker_android] AndroidManifest.xml:24:13-26:29
134                <action android:name="com.google.android.gms.metadata.MODULE_DEPENDENCIES" />
134-->[:image_picker_android] AndroidManifest.xml:25:17-94
134-->[:image_picker_android] AndroidManifest.xml:25:25-91
135            </intent-filter>
136
137            <meta-data
137-->[:image_picker_android] AndroidManifest.xml:28:13-30:36
138                android:name="photopicker_activity:0:required"
138-->[:image_picker_android] AndroidManifest.xml:29:17-63
139                android:value="" />
139-->[:image_picker_android] AndroidManifest.xml:30:17-33
140        </service>
141        <service
141-->[:geolocator_android] AndroidManifest.xml:8:9-12:56
142            android:name="com.baseflow.geolocator.GeolocatorLocationService"
142-->[:geolocator_android] AndroidManifest.xml:9:13-77
143            android:enabled="true"
143-->[:geolocator_android] AndroidManifest.xml:10:13-35
144            android:exported="false"
144-->[:geolocator_android] AndroidManifest.xml:11:13-37
145            android:foregroundServiceType="location" />
145-->[:geolocator_android] AndroidManifest.xml:12:13-53
146        <!--
147           Declares a provider which allows us to store files to share in
148           '.../caches/share_plus' and grant the receiving action access
149        -->
150        <provider
150-->[:share_plus] AndroidManifest.xml:13:9-21:20
151            android:name="dev.fluttercommunity.plus.share.ShareFileProvider"
151-->[:share_plus] AndroidManifest.xml:14:13-77
152            android:authorities="com.locksee.locksee.flutter.share_provider"
152-->[:share_plus] AndroidManifest.xml:15:13-74
153            android:exported="false"
153-->[:share_plus] AndroidManifest.xml:16:13-37
154            android:grantUriPermissions="true" >
154-->[:share_plus] AndroidManifest.xml:17:13-47
155            <meta-data
155-->[:image_picker_android] AndroidManifest.xml:14:13-16:75
156                android:name="android.support.FILE_PROVIDER_PATHS"
156-->[:image_picker_android] AndroidManifest.xml:15:17-67
157                android:resource="@xml/flutter_share_file_paths" />
157-->[:image_picker_android] AndroidManifest.xml:16:17-72
158        </provider>
159        <!--
160           This manifest declared broadcast receiver allows us to use an explicit
161           Intent when creating a PendingItent to be informed of the user's choice
162        -->
163        <receiver
163-->[:share_plus] AndroidManifest.xml:26:9-32:20
164            android:name="dev.fluttercommunity.plus.share.SharePlusPendingIntent"
164-->[:share_plus] AndroidManifest.xml:27:13-82
165            android:exported="false" >
165-->[:share_plus] AndroidManifest.xml:28:13-37
166            <intent-filter>
166-->[:share_plus] AndroidManifest.xml:29:13-31:29
167                <action android:name="EXTRA_CHOSEN_COMPONENT" />
167-->[:share_plus] AndroidManifest.xml:30:17-65
167-->[:share_plus] AndroidManifest.xml:30:25-62
168            </intent-filter>
169        </receiver>
170
171        <activity
171-->[:url_launcher_android] AndroidManifest.xml:8:9-11:74
172            android:name="io.flutter.plugins.urllauncher.WebViewActivity"
172-->[:url_launcher_android] AndroidManifest.xml:9:13-74
173            android:exported="false"
173-->[:url_launcher_android] AndroidManifest.xml:10:13-37
174            android:theme="@android:style/Theme.NoTitleBar.Fullscreen" />
174-->[:url_launcher_android] AndroidManifest.xml:11:13-71
175        <!--
176        Service for holding metadata. Cannot be instantiated.
177        Metadata will be merged from other manifests.
178        -->
179        <service
179-->[androidx.camera:camera-core:1.3.4] AndroidManifest.xml:29:9-33:78
180            android:name="androidx.camera.core.impl.MetadataHolderService"
180-->[androidx.camera:camera-core:1.3.4] AndroidManifest.xml:30:13-75
181            android:enabled="false"
181-->[androidx.camera:camera-core:1.3.4] AndroidManifest.xml:31:13-36
182            android:exported="false" >
182-->[androidx.camera:camera-core:1.3.4] AndroidManifest.xml:32:13-37
183            <meta-data
183-->[androidx.camera:camera-camera2:1.3.4] AndroidManifest.xml:30:13-32:89
184                android:name="androidx.camera.core.impl.MetadataHolderService.DEFAULT_CONFIG_PROVIDER"
184-->[androidx.camera:camera-camera2:1.3.4] AndroidManifest.xml:31:17-103
185                android:value="androidx.camera.camera2.Camera2Config$DefaultProvider" />
185-->[androidx.camera:camera-camera2:1.3.4] AndroidManifest.xml:32:17-86
186        </service>
187
188        <provider
188-->[com.google.firebase:firebase-common:20.4.3] AndroidManifest.xml:23:9-28:39
189            android:name="com.google.firebase.provider.FirebaseInitProvider"
189-->[com.google.firebase:firebase-common:20.4.3] AndroidManifest.xml:24:13-77
190            android:authorities="com.locksee.locksee.firebaseinitprovider"
190-->[com.google.firebase:firebase-common:20.4.3] AndroidManifest.xml:25:13-72
191            android:directBootAware="true"
191-->[com.google.firebase:firebase-common:20.4.3] AndroidManifest.xml:26:13-43
192            android:exported="false"
192-->[com.google.firebase:firebase-common:20.4.3] AndroidManifest.xml:27:13-37
193            android:initOrder="100" />
193-->[com.google.firebase:firebase-common:20.4.3] AndroidManifest.xml:28:13-36
194
195        <service
195-->[com.google.android.gms:play-services-mlkit-barcode-scanning:18.3.1] AndroidManifest.xml:9:9-15:19
196            android:name="com.google.mlkit.common.internal.MlKitComponentDiscoveryService"
196-->[com.google.android.gms:play-services-mlkit-barcode-scanning:18.3.1] AndroidManifest.xml:10:13-91
197            android:directBootAware="true"
197-->[com.google.mlkit:common:18.11.0] AndroidManifest.xml:17:13-43
198            android:exported="false" >
198-->[com.google.android.gms:play-services-mlkit-barcode-scanning:18.3.1] AndroidManifest.xml:11:13-37
199            <meta-data
199-->[com.google.android.gms:play-services-mlkit-barcode-scanning:18.3.1] AndroidManifest.xml:12:13-14:85
200                android:name="com.google.firebase.components:com.google.mlkit.vision.barcode.internal.BarcodeRegistrar"
200-->[com.google.android.gms:play-services-mlkit-barcode-scanning:18.3.1] AndroidManifest.xml:13:17-120
201                android:value="com.google.firebase.components.ComponentRegistrar" />
201-->[com.google.android.gms:play-services-mlkit-barcode-scanning:18.3.1] AndroidManifest.xml:14:17-82
202            <meta-data
202-->[com.google.mlkit:vision-common:17.3.0] AndroidManifest.xml:12:13-14:85
203                android:name="com.google.firebase.components:com.google.mlkit.vision.common.internal.VisionCommonRegistrar"
203-->[com.google.mlkit:vision-common:17.3.0] AndroidManifest.xml:13:17-124
204                android:value="com.google.firebase.components.ComponentRegistrar" />
204-->[com.google.mlkit:vision-common:17.3.0] AndroidManifest.xml:14:17-82
205            <meta-data
205-->[com.google.mlkit:common:18.11.0] AndroidManifest.xml:20:13-22:85
206                android:name="com.google.firebase.components:com.google.mlkit.common.internal.CommonComponentRegistrar"
206-->[com.google.mlkit:common:18.11.0] AndroidManifest.xml:21:17-120
207                android:value="com.google.firebase.components.ComponentRegistrar" />
207-->[com.google.mlkit:common:18.11.0] AndroidManifest.xml:22:17-82
208        </service>
209
210        <provider
210-->[com.google.mlkit:common:18.11.0] AndroidManifest.xml:9:9-13:38
211            android:name="com.google.mlkit.common.internal.MlKitInitProvider"
211-->[com.google.mlkit:common:18.11.0] AndroidManifest.xml:10:13-78
212            android:authorities="com.locksee.locksee.mlkitinitprovider"
212-->[com.google.mlkit:common:18.11.0] AndroidManifest.xml:11:13-69
213            android:exported="false"
213-->[com.google.mlkit:common:18.11.0] AndroidManifest.xml:12:13-37
214            android:initOrder="99" />
214-->[com.google.mlkit:common:18.11.0] AndroidManifest.xml:13:13-35
215
216        <activity
216-->[com.google.android.gms:play-services-base:18.5.0] AndroidManifest.xml:5:9-173
217            android:name="com.google.android.gms.common.api.GoogleApiActivity"
217-->[com.google.android.gms:play-services-base:18.5.0] AndroidManifest.xml:5:19-85
218            android:exported="false"
218-->[com.google.android.gms:play-services-base:18.5.0] AndroidManifest.xml:5:146-170
219            android:theme="@android:style/Theme.Translucent.NoTitleBar" />
219-->[com.google.android.gms:play-services-base:18.5.0] AndroidManifest.xml:5:86-145
220
221        <uses-library
221-->[androidx.window:window:1.2.0] AndroidManifest.xml:23:9-25:40
222            android:name="androidx.window.extensions"
222-->[androidx.window:window:1.2.0] AndroidManifest.xml:24:13-54
223            android:required="false" />
223-->[androidx.window:window:1.2.0] AndroidManifest.xml:25:13-37
224        <uses-library
224-->[androidx.window:window:1.2.0] AndroidManifest.xml:26:9-28:40
225            android:name="androidx.window.sidecar"
225-->[androidx.window:window:1.2.0] AndroidManifest.xml:27:13-51
226            android:required="false" />
226-->[androidx.window:window:1.2.0] AndroidManifest.xml:28:13-37
227
228        <provider
228-->[androidx.work:work-runtime:2.8.1] AndroidManifest.xml:29:9-37:20
229            android:name="androidx.startup.InitializationProvider"
229-->[androidx.work:work-runtime:2.8.1] AndroidManifest.xml:30:13-67
230            android:authorities="com.locksee.locksee.androidx-startup"
230-->[androidx.work:work-runtime:2.8.1] AndroidManifest.xml:31:13-68
231            android:exported="false" >
231-->[androidx.work:work-runtime:2.8.1] AndroidManifest.xml:32:13-37
232            <meta-data
232-->[androidx.work:work-runtime:2.8.1] AndroidManifest.xml:34:13-36:52
233                android:name="androidx.work.WorkManagerInitializer"
233-->[androidx.work:work-runtime:2.8.1] AndroidManifest.xml:35:17-68
234                android:value="androidx.startup" />
234-->[androidx.work:work-runtime:2.8.1] AndroidManifest.xml:36:17-49
235            <meta-data
235-->[androidx.emoji2:emoji2:1.2.0] AndroidManifest.xml:29:13-31:52
236                android:name="androidx.emoji2.text.EmojiCompatInitializer"
236-->[androidx.emoji2:emoji2:1.2.0] AndroidManifest.xml:30:17-75
237                android:value="androidx.startup" />
237-->[androidx.emoji2:emoji2:1.2.0] AndroidManifest.xml:31:17-49
238            <meta-data
238-->[androidx.lifecycle:lifecycle-process:2.7.0] AndroidManifest.xml:29:13-31:52
239                android:name="androidx.lifecycle.ProcessLifecycleInitializer"
239-->[androidx.lifecycle:lifecycle-process:2.7.0] AndroidManifest.xml:30:17-78
240                android:value="androidx.startup" />
240-->[androidx.lifecycle:lifecycle-process:2.7.0] AndroidManifest.xml:31:17-49
241            <meta-data
241-->[androidx.profileinstaller:profileinstaller:1.3.1] AndroidManifest.xml:29:13-31:52
242                android:name="androidx.profileinstaller.ProfileInstallerInitializer"
242-->[androidx.profileinstaller:profileinstaller:1.3.1] AndroidManifest.xml:30:17-85
243                android:value="androidx.startup" />
243-->[androidx.profileinstaller:profileinstaller:1.3.1] AndroidManifest.xml:31:17-49
244        </provider>
245
246        <service
246-->[androidx.work:work-runtime:2.8.1] AndroidManifest.xml:39:9-45:35
247            android:name="androidx.work.impl.background.systemalarm.SystemAlarmService"
247-->[androidx.work:work-runtime:2.8.1] AndroidManifest.xml:40:13-88
248            android:directBootAware="false"
248-->[androidx.work:work-runtime:2.8.1] AndroidManifest.xml:41:13-44
249            android:enabled="@bool/enable_system_alarm_service_default"
249-->[androidx.work:work-runtime:2.8.1] AndroidManifest.xml:42:13-72
250            android:exported="false" />
250-->[androidx.work:work-runtime:2.8.1] AndroidManifest.xml:43:13-37
251        <service
251-->[androidx.work:work-runtime:2.8.1] AndroidManifest.xml:46:9-52:35
252            android:name="androidx.work.impl.background.systemjob.SystemJobService"
252-->[androidx.work:work-runtime:2.8.1] AndroidManifest.xml:47:13-84
253            android:directBootAware="false"
253-->[androidx.work:work-runtime:2.8.1] AndroidManifest.xml:48:13-44
254            android:enabled="@bool/enable_system_job_service_default"
254-->[androidx.work:work-runtime:2.8.1] AndroidManifest.xml:49:13-70
255            android:exported="true"
255-->[androidx.work:work-runtime:2.8.1] AndroidManifest.xml:50:13-36
256            android:permission="android.permission.BIND_JOB_SERVICE" />
256-->[androidx.work:work-runtime:2.8.1] AndroidManifest.xml:51:13-69
257        <service
257-->[androidx.work:work-runtime:2.8.1] AndroidManifest.xml:53:9-59:35
258            android:name="androidx.work.impl.foreground.SystemForegroundService"
258-->[androidx.work:work-runtime:2.8.1] AndroidManifest.xml:54:13-81
259            android:directBootAware="false"
259-->[androidx.work:work-runtime:2.8.1] AndroidManifest.xml:55:13-44
260            android:enabled="@bool/enable_system_foreground_service_default"
260-->[androidx.work:work-runtime:2.8.1] AndroidManifest.xml:56:13-77
261            android:exported="false" />
261-->[androidx.work:work-runtime:2.8.1] AndroidManifest.xml:57:13-37
262
263        <receiver
263-->[androidx.work:work-runtime:2.8.1] AndroidManifest.xml:61:9-66:35
264            android:name="androidx.work.impl.utils.ForceStopRunnable$BroadcastReceiver"
264-->[androidx.work:work-runtime:2.8.1] AndroidManifest.xml:62:13-88
265            android:directBootAware="false"
265-->[androidx.work:work-runtime:2.8.1] AndroidManifest.xml:63:13-44
266            android:enabled="true"
266-->[androidx.work:work-runtime:2.8.1] AndroidManifest.xml:64:13-35
267            android:exported="false" />
267-->[androidx.work:work-runtime:2.8.1] AndroidManifest.xml:65:13-37
268        <receiver
268-->[androidx.work:work-runtime:2.8.1] AndroidManifest.xml:67:9-77:20
269            android:name="androidx.work.impl.background.systemalarm.ConstraintProxy$BatteryChargingProxy"
269-->[androidx.work:work-runtime:2.8.1] AndroidManifest.xml:68:13-106
270            android:directBootAware="false"
270-->[androidx.work:work-runtime:2.8.1] AndroidManifest.xml:69:13-44
271            android:enabled="false"
271-->[androidx.work:work-runtime:2.8.1] AndroidManifest.xml:70:13-36
272            android:exported="false" >
272-->[androidx.work:work-runtime:2.8.1] AndroidManifest.xml:71:13-37
273            <intent-filter>
273-->[androidx.work:work-runtime:2.8.1] AndroidManifest.xml:73:13-76:29
274                <action android:name="android.intent.action.ACTION_POWER_CONNECTED" />
274-->[androidx.work:work-runtime:2.8.1] AndroidManifest.xml:74:17-87
274-->[androidx.work:work-runtime:2.8.1] AndroidManifest.xml:74:25-84
275                <action android:name="android.intent.action.ACTION_POWER_DISCONNECTED" />
275-->[androidx.work:work-runtime:2.8.1] AndroidManifest.xml:75:17-90
275-->[androidx.work:work-runtime:2.8.1] AndroidManifest.xml:75:25-87
276            </intent-filter>
277        </receiver>
278        <receiver
278-->[androidx.work:work-runtime:2.8.1] AndroidManifest.xml:78:9-88:20
279            android:name="androidx.work.impl.background.systemalarm.ConstraintProxy$BatteryNotLowProxy"
279-->[androidx.work:work-runtime:2.8.1] AndroidManifest.xml:79:13-104
280            android:directBootAware="false"
280-->[androidx.work:work-runtime:2.8.1] AndroidManifest.xml:80:13-44
281            android:enabled="false"
281-->[androidx.work:work-runtime:2.8.1] AndroidManifest.xml:81:13-36
282            android:exported="false" >
282-->[androidx.work:work-runtime:2.8.1] AndroidManifest.xml:82:13-37
283            <intent-filter>
283-->[androidx.work:work-runtime:2.8.1] AndroidManifest.xml:84:13-87:29
284                <action android:name="android.intent.action.BATTERY_OKAY" />
284-->[androidx.work:work-runtime:2.8.1] AndroidManifest.xml:85:17-77
284-->[androidx.work:work-runtime:2.8.1] AndroidManifest.xml:85:25-74
285                <action android:name="android.intent.action.BATTERY_LOW" />
285-->[androidx.work:work-runtime:2.8.1] AndroidManifest.xml:86:17-76
285-->[androidx.work:work-runtime:2.8.1] AndroidManifest.xml:86:25-73
286            </intent-filter>
287        </receiver>
288        <receiver
288-->[androidx.work:work-runtime:2.8.1] AndroidManifest.xml:89:9-99:20
289            android:name="androidx.work.impl.background.systemalarm.ConstraintProxy$StorageNotLowProxy"
289-->[androidx.work:work-runtime:2.8.1] AndroidManifest.xml:90:13-104
290            android:directBootAware="false"
290-->[androidx.work:work-runtime:2.8.1] AndroidManifest.xml:91:13-44
291            android:enabled="false"
291-->[androidx.work:work-runtime:2.8.1] AndroidManifest.xml:92:13-36
292            android:exported="false" >
292-->[androidx.work:work-runtime:2.8.1] AndroidManifest.xml:93:13-37
293            <intent-filter>
293-->[androidx.work:work-runtime:2.8.1] AndroidManifest.xml:95:13-98:29
294                <action android:name="android.intent.action.DEVICE_STORAGE_LOW" />
294-->[androidx.work:work-runtime:2.8.1] AndroidManifest.xml:96:17-83
294-->[androidx.work:work-runtime:2.8.1] AndroidManifest.xml:96:25-80
295                <action android:name="android.intent.action.DEVICE_STORAGE_OK" />
295-->[androidx.work:work-runtime:2.8.1] AndroidManifest.xml:97:17-82
295-->[androidx.work:work-runtime:2.8.1] AndroidManifest.xml:97:25-79
296            </intent-filter>
297        </receiver>
298        <receiver
298-->[androidx.work:work-runtime:2.8.1] AndroidManifest.xml:100:9-109:20
299            android:name="androidx.work.impl.background.systemalarm.ConstraintProxy$NetworkStateProxy"